::1 - - [15/Nov/2020:07:51:38 +0200] "GET / HTTP/1.1" 200 278
::1 - - [15/Nov/2020:07:51:39 +0200] "GET /favicon.ico HTTP/1.1" 404 209
::1 - - [15/Nov/2020:08:10:13 +0200] "GET / HTTP/1.1" 500 527
::1 - - [15/Nov/2020:08:15:06 +0200] "GET / HTTP/1.1" 500 527
::1 - - [15/Nov/2020:08:15:07 +0200] "GET / HTTP/1.1" 500 527
::1 - - [15/Nov/2020:08:23:16 +0200] "GET / HTTP/1.1" 500 527
::1 - - [15/Nov/2020:08:28:54 +0200] "GET / HTTP/1.1" 500 527
::1 - - [15/Nov/2020:08:28:54 +0200] "GET / HTTP/1.1" 500 527
::1 - - [15/Nov/2020:08:30:40 +0200] "GET / HTTP/1.1" 500 527
::1 - - [15/Nov/2020:08:30:48 +0200] "GET / HTTP/1.1" 500 527
::1 - - [15/Nov/2020:08:30:53 +0200] "GET / HTTP/1.1" 500 527
::1 - - [15/Nov/2020:08:30:58 +0200] "GET / HTTP/1.1" 500 -
::1 - - [15/Nov/2020:08:31:05 +0200] "GET / HTTP/1.1" 500 -
::1 - - [15/Nov/2020:08:31:06 +0200] "GET / HTTP/1.1" 500 -
::1 - - [15/Nov/2020:08:31:06 +0200] "GET / HTTP/1.1" 500 -
::1 - - [15/Nov/2020:08:31:32 +0200] "GET / HTTP/1.1" 200 -
::1 - - [15/Nov/2020:08:32:10 +0200] "GET / HTTP/1.1" 200 16
::1 - - [15/Nov/2020:08:32:34 +0200] "GET / HTTP/1.1" 200 34
::1 - - [15/Nov/2020:08:32:49 +0200] "GET / HTTP/1.1" 200 49
::1 - - [15/Nov/2020:08:33:12 +0200] "GET / HTTP/1.1" 200 49
::1 - - [15/Nov/2020:08:53:10 +0200] "GET / HTTP/1.1" 200 49
::1 - - [15/Nov/2020:08:53:11 +0200] "GET / HTTP/1.1" 200 49
::1 - - [15/Nov/2020:08:55:31 +0200] "GET / HTTP/1.1" 200 16
::1 - - [15/Nov/2020:08:55:32 +0200] "GET / HTTP/1.1" 200 16
::1 - - [15/Nov/2020:08:56:29 +0200] "GET / HTTP/1.1" 200 16
::1 - - [15/Nov/2020:08:56:44 +0200] "GET / HTTP/1.1" 200 -
::1 - - [15/Nov/2020:08:57:10 +0200] "GET / HTTP/1.1" 500 -
::1 - - [15/Nov/2020:08:57:29 +0200] "GET / HTTP/1.1" 500 -
::1 - - [15/Nov/2020:08:57:44 +0200] "GET / HTTP/1.1" 500 -
::1 - - [15/Nov/2020:08:58:05 +0200] "GET / HTTP/1.1" 500 -
::1 - - [15/Nov/2020:08:58:11 +0200] "GET / HTTP/1.1" 200 -
::1 - - [15/Nov/2020:08:58:14 +0200] "GET / HTTP/1.1" 500 -
::1 - - [15/Nov/2020:08:58:18 +0200] "GET / HTTP/1.1" 200 -
::1 - - [15/Nov/2020:08:58:23 +0200] "GET / HTTP/1.1" 500 -
::1 - - [15/Nov/2020:08:59:21 +0200] "GET / HTTP/1.1" 200 4018
::1 - - [15/Nov/2020:08:59:43 +0200] "GET / HTTP/1.1" 200 15
::1 - - [15/Nov/2020:08:59:44 +0200] "GET / HTTP/1.1" 200 15
::1 - - [15/Nov/2020:08:59:44 +0200] "GET / HTTP/1.1" 200 15
::1 - - [15/Nov/2020:09:00:04 +0200] "GET / HTTP/1.1" 200 30
::1 - - [15/Nov/2020:09:00:22 +0200] "GET / HTTP/1.1" 200 15
::1 - - [15/Nov/2020:09:00:56 +0200] "GET / HTTP/1.1" 500 -
::1 - - [15/Nov/2020:09:01:05 +0200] "GET / HTTP/1.1" 500 -
::1 - - [15/Nov/2020:09:01:05 +0200] "GET / HTTP/1.1" 500 -
::1 - - [15/Nov/2020:09:01:05 +0200] "GET / HTTP/1.1" 500 -
::1 - - [15/Nov/2020:09:02:10 +0200] "GET / HTTP/1.1" 500 -
::1 - - [15/Nov/2020:09:02:25 +0200] "GET / HTTP/1.1" 500 -
::1 - - [15/Nov/2020:09:02:53 +0200] "GET / HTTP/1.1" 200 15
::1 - - [15/Nov/2020:09:03:20 +0200] "GET / HTTP/1.1" 200 29
::1 - - [15/Nov/2020:09:03:48 +0200] "GET / HTTP/1.1" 200 29
::1 - - [15/Nov/2020:09:03:53 +0200] "GET / HTTP/1.1" 500 -
::1 - - [15/Nov/2020:09:04:04 +0200] "GET / HTTP/1.1" 500 -
::1 - - [15/Nov/2020:09:04:04 +0200] "GET / HTTP/1.1" 500 -
::1 - - [15/Nov/2020:09:06:12 +0200] "GET / HTTP/1.1" 500 -
::1 - - [15/Nov/2020:09:07:12 +0200] "GET / HTTP/1.1" 200 29
::1 - - [15/Nov/2020:09:07:21 +0200] "GET / HTTP/1.1" 200 29
::1 - - [15/Nov/2020:09:07:21 +0200] "GET / HTTP/1.1" 200 29
::1 - - [15/Nov/2020:09:07:21 +0200] "GET / HTTP/1.1" 200 29
::1 - - [15/Nov/2020:09:07:21 +0200] "GET / HTTP/1.1" 200 29
::1 - - [15/Nov/2020:09:15:41 +0200] "GET / HTTP/1.1" 500 -
::1 - - [15/Nov/2020:09:16:06 +0200] "GET / HTTP/1.1" 200 29
::1 - - [15/Nov/2020:09:16:17 +0200] "GET /pages HTTP/1.1" 404 -
::1 - - [15/Nov/2020:09:16:23 +0200] "GET /pages/ HTTP/1.1" 404 -
::1 - - [15/Nov/2020:09:16:25 +0200] "GET / HTTP/1.1" 200 29
::1 - - [15/Nov/2020:09:18:31 +0200] "GET / HTTP/1.1" 200 43
::1 - - [15/Nov/2020:09:21:22 +0200] "GET / HTTP/1.1" 200 43
::1 - - [15/Nov/2020:09:21:22 +0200] "GET / HTTP/1.1" 200 43
::1 - - [15/Nov/2020:09:21:28 +0200] "GET /forum/ HTTP/1.1" 404 -
::1 - - [15/Nov/2020:09:22:42 +0200] "GET /index.php?url=forum HTTP/1.1" 404 -
::1 - - [15/Nov/2020:09:23:00 +0200] "GET /server.php?url=forum HTTP/1.1" 200 28
::1 - - [15/Nov/2020:09:23:19 +0200] "GET /forum HTTP/1.1" 200 28
::1 - - [15/Nov/2020:09:23:22 +0200] "GET /forum/ HTTP/1.1" 200 28
::1 - - [15/Nov/2020:09:23:25 +0200] "GET / HTTP/1.1" 200 43
::1 - - [15/Nov/2020:09:25:36 +0200] "GET /cache HTTP/1.1" 200 114
::1 - - [15/Nov/2020:09:42:54 +0200] "GET /cache HTTP/1.1" 500 -
::1 - - [15/Nov/2020:09:42:54 +0200] "GET /cache HTTP/1.1" 500 -
::1 - - [15/Nov/2020:09:43:37 +0200] "GET /cache HTTP/1.1" 500 -
::1 - - [15/Nov/2020:09:43:38 +0200] "GET /cache HTTP/1.1" 500 -
::1 - - [15/Nov/2020:09:43:40 +0200] "GET / HTTP/1.1" 500 -
::1 - - [15/Nov/2020:09:43:42 +0200] "GET / HTTP/1.1" 500 -
::1 - - [15/Nov/2020:09:43:42 +0200] "GET / HTTP/1.1" 500 -
::1 - - [15/Nov/2020:09:43:43 +0200] "GET / HTTP/1.1" 500 -
::1 - - [15/Nov/2020:09:43:57 +0200] "GET / HTTP/1.1" 500 -
::1 - - [15/Nov/2020:09:44:10 +0200] "GET / HTTP/1.1" 500 -
::1 - - [15/Nov/2020:09:44:27 +0200] "GET / HTTP/1.1" 500 -
::1 - - [15/Nov/2020:09:44:49 +0200] "GET / HTTP/1.1" 500 -
::1 - - [15/Nov/2020:09:45:24 +0200] "GET / HTTP/1.1" 500 -
::1 - - [15/Nov/2020:09:45:24 +0200] "GET / HTTP/1.1" 500 -
::1 - - [15/Nov/2020:09:45:25 +0200] "GET / HTTP/1.1" 500 -
::1 - - [15/Nov/2020:09:45:25 +0200] "GET / HTTP/1.1" 500 -
::1 - - [15/Nov/2020:09:45:33 +0200] "GET / HTTP/1.1" 500 -
::1 - - [15/Nov/2020:09:45:34 +0200] "GET / HTTP/1.1" 500 -
::1 - - [15/Nov/2020:09:45:44 +0200] "GET / HTTP/1.1" 200 311
::1 - - [15/Nov/2020:09:45:57 +0200] "GET / HTTP/1.1" 500 -
::1 - - [15/Nov/2020:09:46:04 +0200] "GET / HTTP/1.1" 500 -
::1 - - [15/Nov/2020:09:46:12 +0200] "GET / HTTP/1.1" 500 -
::1 - - [15/Nov/2020:09:46:22 +0200] "GET / HTTP/1.1" 500 -
::1 - - [15/Nov/2020:09:46:28 +0200] "GET / HTTP/1.1" 500 -
::1 - - [15/Nov/2020:09:46:40 +0200] "GET / HTTP/1.1" 500 -
::1 - - [15/Nov/2020:09:46:50 +0200] "GET / HTTP/1.1" 500 -
::1 - - [15/Nov/2020:09:47:08 +0200] "GET / HTTP/1.1" 500 -
::1 - - [15/Nov/2020:09:47:20 +0200] "GET / HTTP/1.1" 500 -
::1 - - [15/Nov/2020:09:47:25 +0200] "GET / HTTP/1.1" 500 -
::1 - - [15/Nov/2020:09:47:36 +0200] "GET / HTTP/1.1" 403 202
::1 - - [15/Nov/2020:09:47:48 +0200] "GET / HTTP/1.1" 500 -
::1 - - [15/Nov/2020:09:48:09 +0200] "GET / HTTP/1.1" 500 -
::1 - - [15/Nov/2020:09:48:27 +0200] "GET / HTTP/1.1" 403 202
::1 - - [15/Nov/2020:09:48:36 +0200] "GET / HTTP/1.1" 403 202
::1 - - [15/Nov/2020:09:48:42 +0200] "GET / HTTP/1.1" 403 202
::1 - - [15/Nov/2020:09:48:47 +0200] "GET / HTTP/1.1" 403 202
::1 - - [15/Nov/2020:09:48:51 +0200] "GET / HTTP/1.1" 403 202
::1 - - [15/Nov/2020:09:49:30 +0200] "GET / HTTP/1.1" 403 202
::1 - - [15/Nov/2020:09:49:49 +0200] "GET / HTTP/1.1" 403 202
::1 - - [15/Nov/2020:09:49:54 +0200] "GET / HTTP/1.1" 403 202
::1 - - [15/Nov/2020:09:50:04 +0200] "GET / HTTP/1.1" 403 202
::1 - - [15/Nov/2020:09:50:05 +0200] "GET / HTTP/1.1" 403 202
::1 - - [15/Nov/2020:09:50:10 +0200] "GET / HTTP/1.1" 403 202
::1 - - [15/Nov/2020:09:50:18 +0200] "GET / HTTP/1.1" 403 202
::1 - - [15/Nov/2020:09:50:19 +0200] "GET / HTTP/1.1" 403 202
::1 - - [15/Nov/2020:09:50:20 +0200] "GET / HTTP/1.1" 403 202
::1 - - [15/Nov/2020:09:50:20 +0200] "GET / HTTP/1.1" 403 202
::1 - - [15/Nov/2020:09:50:21 +0200] "GET / HTTP/1.1" 403 202
::1 - - [15/Nov/2020:09:50:32 +0200] "GET / HTTP/1.1" 403 202
::1 - - [15/Nov/2020:09:50:32 +0200] "GET / HTTP/1.1" 403 202
::1 - - [15/Nov/2020:09:50:38 +0200] "GET / HTTP/1.1" 403 202
::1 - - [15/Nov/2020:09:50:44 +0200] "GET / HTTP/1.1" 403 202
::1 - - [15/Nov/2020:09:51:09 +0200] "GET / HTTP/1.1" 403 202
::1 - - [15/Nov/2020:09:51:25 +0200] "GET / HTTP/1.1" 403 202
::1 - - [15/Nov/2020:09:51:26 +0200] "GET / HTTP/1.1" 403 202
::1 - - [15/Nov/2020:09:51:42 +0200] "GET / HTTP/1.1" 403 202
::1 - - [15/Nov/2020:09:51:42 +0200] "GET / HTTP/1.1" 403 202
::1 - - [15/Nov/2020:09:51:42 +0200] "GET / HTTP/1.1" 403 202
::1 - - [15/Nov/2020:09:51:42 +0200] "GET / HTTP/1.1" 403 202
::1 - - [15/Nov/2020:09:51:42 +0200] "GET / HTTP/1.1" 403 202
::1 - - [15/Nov/2020:09:52:04 +0200] "GET / HTTP/1.1" 403 202
::1 - - [15/Nov/2020:09:52:13 +0200] "GET / HTTP/1.1" 403 202
::1 - - [15/Nov/2020:09:52:18 +0200] "GET / HTTP/1.1" 200 311
::1 - - [15/Nov/2020:09:53:11 +0200] "GET / HTTP/1.1" 403 202
::1 - - [15/Nov/2020:09:53:17 +0200] "GET / HTTP/1.1" 403 202
::1 - - [15/Nov/2020:09:53:21 +0200] "GET / HTTP/1.1" 200 311
::1 - - [15/Nov/2020:09:53:49 +0200] "GET / HTTP/1.1" 403 202
::1 - - [15/Nov/2020:09:53:55 +0200] "GET / HTTP/1.1" 403 202
::1 - - [15/Nov/2020:09:53:59 +0200] "GET / HTTP/1.1" 200 311
::1 - - [15/Nov/2020:09:54:16 +0200] "GET / HTTP/1.1" 200 311
::1 - - [15/Nov/2020:09:54:38 +0200] "GET / HTTP/1.1" 200 373
::1 - - [15/Nov/2020:09:54:38 +0200] "GET / HTTP/1.1" 200 373
::1 - - [15/Nov/2020:09:54:39 +0200] "GET / HTTP/1.1" 200 373
::1 - - [15/Nov/2020:09:54:39 +0200] "GET / HTTP/1.1" 200 373
::1 - - [15/Nov/2020:09:54:39 +0200] "GET / HTTP/1.1" 200 373
::1 - - [15/Nov/2020:09:54:39 +0200] "GET / HTTP/1.1" 200 373
::1 - - [15/Nov/2020:09:54:39 +0200] "GET / HTTP/1.1" 200 373
::1 - - [15/Nov/2020:09:54:40 +0200] "GET / HTTP/1.1" 200 373
::1 - - [15/Nov/2020:09:54:44 +0200] "GET / HTTP/1.1" 200 373
::1 - - [15/Nov/2020:09:55:58 +0200] "GET / HTTP/1.1" 200 1817
::1 - - [15/Nov/2020:09:56:21 +0200] "GET / HTTP/1.1" 200 182
::1 - - [15/Nov/2020:09:56:23 +0200] "GET / HTTP/1.1" 200 182
::1 - - [15/Nov/2020:09:56:23 +0200] "GET / HTTP/1.1" 200 182
::1 - - [15/Nov/2020:09:56:23 +0200] "GET / HTTP/1.1" 200 182
::1 - - [15/Nov/2020:09:56:23 +0200] "GET / HTTP/1.1" 200 182
::1 - - [15/Nov/2020:09:56:24 +0200] "GET / HTTP/1.1" 200 182
::1 - - [15/Nov/2020:09:56:24 +0200] "GET / HTTP/1.1" 200 182
::1 - - [15/Nov/2020:09:56:24 +0200] "GET / HTTP/1.1" 200 182
::1 - - [15/Nov/2020:09:56:25 +0200] "GET / HTTP/1.1" 200 182
::1 - - [15/Nov/2020:09:56:25 +0200] "GET /favicon.ico HTTP/1.1" 200 182
::1 - - [15/Nov/2020:09:56:48 +0200] "GET / HTTP/1.1" 200 43
::1 - - [15/Nov/2020:09:56:48 +0200] "GET /favicon.ico HTTP/1.1" 200 43
::1 - - [15/Nov/2020:09:57:04 +0200] "GET / HTTP/1.1" 403 202
::1 - - [15/Nov/2020:09:57:04 +0200] "GET /favicon.ico HTTP/1.1" 403 213
::1 - - [15/Nov/2020:09:57:23 +0200] "GET /pages HTTP/1.1" 200 43
::1 - - [15/Nov/2020:09:57:23 +0200] "GET /favicon.ico HTTP/1.1" 200 43
::1 - - [15/Nov/2020:09:57:29 +0200] "GET /cache HTTP/1.1" 200 43
::1 - - [15/Nov/2020:09:57:29 +0200] "GET /favicon.ico HTTP/1.1" 200 43
::1 - - [15/Nov/2020:09:57:32 +0200] "GET /cache/ HTTP/1.1" 200 43
::1 - - [15/Nov/2020:09:57:32 +0200] "GET /favicon.ico HTTP/1.1" 200 43
::1 - - [15/Nov/2020:09:57:47 +0200] "GET /forun HTTP/1.1" 200 43
::1 - - [15/Nov/2020:09:57:47 +0200] "GET /favicon.ico HTTP/1.1" 200 43
::1 - - [15/Nov/2020:09:57:53 +0200] "GET /forum/ HTTP/1.1" 200 28
::1 - - [15/Nov/2020:09:57:53 +0200] "GET /favicon.ico HTTP/1.1" 200 43
::1 - - [15/Nov/2020:09:58:06 +0200] "GET /forum/ HTTP/1.1" 200 28
::1 - - [15/Nov/2020:09:58:06 +0200] "GET /favicon.ico HTTP/1.1" 200 43
::1 - - [15/Nov/2020:09:58:08 +0200] "GET / HTTP/1.1" 200 43
::1 - - [15/Nov/2020:09:58:08 +0200] "GET /favicon.ico HTTP/1.1" 200 43
::1 - - [15/Nov/2020:09:58:19 +0200] "GET / HTTP/1.1" 200 43
::1 - - [15/Nov/2020:09:58:19 +0200] "GET /favicon.ico HTTP/1.1" 200 43
::1 - - [15/Nov/2020:09:58:19 +0200] "GET / HTTP/1.1" 200 43
::1 - - [15/Nov/2020:09:58:20 +0200] "GET /favicon.ico HTTP/1.1" 200 43
::1 - - [15/Nov/2020:09:58:20 +0200] "GET / HTTP/1.1" 200 43
::1 - - [15/Nov/2020:09:58:20 +0200] "GET /favicon.ico HTTP/1.1" 200 43
::1 - - [15/Nov/2020:09:58:20 +0200] "GET / HTTP/1.1" 200 43
::1 - - [15/Nov/2020:09:58:20 +0200] "GET /favicon.ico HTTP/1.1" 200 43
::1 - - [15/Nov/2020:09:58:20 +0200] "GET / HTTP/1.1" 200 43
::1 - - [15/Nov/2020:09:58:20 +0200] "GET /favicon.ico HTTP/1.1" 200 43
::1 - - [15/Nov/2020:09:58:20 +0200] "GET / HTTP/1.1" 200 43
::1 - - [15/Nov/2020:09:58:20 +0200] "GET /favicon.ico HTTP/1.1" 200 43
::1 - - [15/Nov/2020:09:58:25 +0200] "GET / HTTP/1.1" 200 43
::1 - - [15/Nov/2020:09:58:25 +0200] "GET /favicon.ico HTTP/1.1" 200 43
::1 - - [15/Nov/2020:18:23:15 +0200] "GET / HTTP/1.1" 200 43
::1 - - [15/Nov/2020:18:23:15 +0200] "GET /favicon.ico HTTP/1.1" 200 43
::1 - - [15/Nov/2020:18:29:02 +0200] "GET / HTTP/1.1" 200 43
::1 - - [15/Nov/2020:18:29:02 +0200] "GET /favicon.ico HTTP/1.1" 200 43
::1 - - [15/Nov/2020:18:31:32 +0200] "GET / HTTP/1.1" 200 43
::1 - - [15/Nov/2020:18:31:32 +0200] "GET /favicon.ico HTTP/1.1" 200 43
::1 - - [15/Nov/2020:18:36:17 +0200] "GET / HTTP/1.1" 200 43
::1 - - [15/Nov/2020:18:36:17 +0200] "GET /favicon.ico HTTP/1.1" 200 43
::1 - - [15/Nov/2020:19:25:08 +0200] "GET / HTTP/1.1" 200 43
::1 - - [15/Nov/2020:19:25:08 +0200] "GET /favicon.ico HTTP/1.1" 200 43
::1 - - [15/Nov/2020:20:13:04 +0200] "GET / HTTP/1.1" 200 43
::1 - - [15/Nov/2020:20:13:04 +0200] "GET /favicon.ico HTTP/1.1" 200 43
