[Sun Nov 15 07:51:35.251911 2020] [mpm_winnt:notice] [pid 8368:tid 792] AH00455: Apache/2.4.6 (Win32) PHP/5.4.17 configured -- resuming normal operations
[Sun Nov 15 07:51:35.251911 2020] [mpm_winnt:notice] [pid 8368:tid 792] AH00456: Apache Lounge VC10 Server built: Jul 16 2013 11:15:41
[Sun Nov 15 07:51:35.251911 2020] [core:notice] [pid 8368:tid 792] AH00094: Command line: 'C:\\Project\\00000001\\connect/apache2/bin/httpd_usbwv8.exe -d C:/Project/00000001/connect/apache2'
[Sun Nov 15 07:51:35.255925 2020] [mpm_winnt:notice] [pid 8368:tid 792] AH00418: Parent: Created child process 6836
[Sun Nov 15 07:51:36.741540 2020] [mpm_winnt:notice] [pid 6836:tid 752] AH00354: Child: Starting 64 worker threads.
[Sun Nov 15 07:51:39.130014 2020] [:error] [pid 6836:tid 1280] [client ::1:57249] PHP Warning:  mysqli_connect(): (HY000/1045): Access denied for user 'u1083682_elpato'@'194.28.4.19' (using password: YES) in C:\\Project\\00000001\\connect\\root\\engine\\config\\database.php on line 10
[Sun Nov 15 08:10:13.180043 2020] [core:alert] [pid 6836:tid 1280] [client ::1:57301] C:/Project/00000001/connect/root/.htaccess: Invalid command 'AddOutputFilterByType', perhaps misspelled or defined by a module not included in the server configuration
[Sun Nov 15 08:15:06.826956 2020] [core:alert] [pid 6836:tid 1280] [client ::1:57316] C:/Project/00000001/connect/root/.htaccess: Invalid command 'AddOutputFilterByType', perhaps misspelled or defined by a module not included in the server configuration
[Sun Nov 15 08:15:07.288097 2020] [core:alert] [pid 6836:tid 1280] [client ::1:57317] C:/Project/00000001/connect/root/.htaccess: Invalid command 'AddOutputFilterByType', perhaps misspelled or defined by a module not included in the server configuration
[Sun Nov 15 08:23:16.108105 2020] [core:alert] [pid 6836:tid 1280] [client ::1:57328] C:/Project/00000001/connect/root/.htaccess: Invalid command 'AddOutputFilterByType', perhaps misspelled or defined by a module not included in the server configuration
[Sun Nov 15 08:28:54.020609 2020] [core:alert] [pid 6836:tid 1280] [client ::1:57359] C:/Project/00000001/connect/root/.htaccess: Invalid command 'AddOutputFilterByType', perhaps misspelled or defined by a module not included in the server configuration
[Sun Nov 15 08:28:54.466101 2020] [core:alert] [pid 6836:tid 1280] [client ::1:57360] C:/Project/00000001/connect/root/.htaccess: Invalid command 'AddOutputFilterByType', perhaps misspelled or defined by a module not included in the server configuration
[Sun Nov 15 08:30:40.987531 2020] [core:alert] [pid 6836:tid 1280] [client ::1:57364] C:/Project/00000001/connect/root/.htaccess: Invalid command 'AddOutputFilterByType', perhaps misspelled or defined by a module not included in the server configuration
[Sun Nov 15 08:30:48.642824 2020] [core:alert] [pid 6836:tid 1280] [client ::1:57366] C:/Project/00000001/connect/root/.htaccess: Invalid command 'AddOutputFilterByType', perhaps misspelled or defined by a module not included in the server configuration
[Sun Nov 15 08:30:53.690907 2020] [core:alert] [pid 6836:tid 1280] [client ::1:57367] C:/Project/00000001/connect/root/.htaccess: Invalid command 'AddOutputFilterByType', perhaps misspelled or defined by a module not included in the server configuration
[Sun Nov 15 08:30:58.710946 2020] [:error] [pid 6836:tid 1280] [client ::1:57368] PHP Warning:  require(C:\\Project\\00000001\\connect\\root/ws-kernel/inc/classes/autoload.php): failed to open stream: No such file or directory in C:\\Project\\00000001\\connect\\root\\iteffa-kernel\\inc\\start.php on line 35
[Sun Nov 15 08:30:58.710946 2020] [:error] [pid 6836:tid 1280] [client ::1:57368] PHP Fatal error:  require(): Failed opening required 'C:\\Project\\00000001\\connect\\root/ws-kernel/inc/classes/autoload.php' (include_path='.;C:\\php\\pear') in C:\\Project\\00000001\\connect\\root\\iteffa-kernel\\inc\\start.php on line 35
[Sun Nov 15 08:31:05.120101 2020] [:error] [pid 6836:tid 1280] [client ::1:57370] PHP Warning:  require(C:\\Project\\00000001\\connect\\root/ws-kernel/inc/classes/autoload.php): failed to open stream: No such file or directory in C:\\Project\\00000001\\connect\\root\\iteffa-kernel\\inc\\start.php on line 35
[Sun Nov 15 08:31:05.120101 2020] [:error] [pid 6836:tid 1280] [client ::1:57370] PHP Fatal error:  require(): Failed opening required 'C:\\Project\\00000001\\connect\\root/ws-kernel/inc/classes/autoload.php' (include_path='.;C:\\php\\pear') in C:\\Project\\00000001\\connect\\root\\iteffa-kernel\\inc\\start.php on line 35
[Sun Nov 15 08:31:06.358969 2020] [:error] [pid 6836:tid 1280] [client ::1:57372] PHP Warning:  require(C:\\Project\\00000001\\connect\\root/ws-kernel/inc/classes/autoload.php): failed to open stream: No such file or directory in C:\\Project\\00000001\\connect\\root\\iteffa-kernel\\inc\\start.php on line 35
[Sun Nov 15 08:31:06.358969 2020] [:error] [pid 6836:tid 1280] [client ::1:57372] PHP Fatal error:  require(): Failed opening required 'C:\\Project\\00000001\\connect\\root/ws-kernel/inc/classes/autoload.php' (include_path='.;C:\\php\\pear') in C:\\Project\\00000001\\connect\\root\\iteffa-kernel\\inc\\start.php on line 35
[Sun Nov 15 08:31:06.566023 2020] [:error] [pid 6836:tid 1280] [client ::1:57374] PHP Warning:  require(C:\\Project\\00000001\\connect\\root/ws-kernel/inc/classes/autoload.php): failed to open stream: No such file or directory in C:\\Project\\00000001\\connect\\root\\iteffa-kernel\\inc\\start.php on line 35
[Sun Nov 15 08:31:06.566023 2020] [:error] [pid 6836:tid 1280] [client ::1:57374] PHP Fatal error:  require(): Failed opening required 'C:\\Project\\00000001\\connect\\root/ws-kernel/inc/classes/autoload.php' (include_path='.;C:\\php\\pear') in C:\\Project\\00000001\\connect\\root\\iteffa-kernel\\inc\\start.php on line 35
[Sun Nov 15 08:31:32.683545 2020] [:error] [pid 6836:tid 1280] [client ::1:57376] PHP Notice:  Undefined variable: users in C:\\Project\\00000001\\connect\\root\\iteffa-kernel\\inc\\start.php on line 47
[Sun Nov 15 08:32:10.320649 2020] [:error] [pid 6836:tid 1280] [client ::1:57380] PHP Notice:  Undefined variable: users in C:\\Project\\00000001\\connect\\root\\iteffa-kernel\\inc\\start.php on line 47
[Sun Nov 15 08:32:34.652063 2020] [:error] [pid 6836:tid 1280] [client ::1:57382] PHP Notice:  Undefined variable: users in C:\\Project\\00000001\\connect\\root\\iteffa-kernel\\inc\\start.php on line 48
[Sun Nov 15 08:32:49.949939 2020] [:error] [pid 6836:tid 1280] [client ::1:57384] PHP Notice:  Undefined variable: users in C:\\Project\\00000001\\connect\\root\\iteffa-kernel\\inc\\start.php on line 48
[Sun Nov 15 08:33:12.371050 2020] [:error] [pid 6836:tid 1280] [client ::1:57386] PHP Notice:  Undefined variable: users in C:\\Project\\00000001\\connect\\root\\iteffa-kernel\\inc\\start.php on line 47
[Sun Nov 15 08:53:10.748752 2020] [:error] [pid 6836:tid 1280] [client ::1:57476] PHP Notice:  Undefined variable: users in C:\\Project\\00000001\\connect\\root\\iteffa-kernel\\inc\\start.php on line 47
[Sun Nov 15 08:53:11.346854 2020] [:error] [pid 6836:tid 1280] [client ::1:57476] PHP Notice:  Undefined variable: users in C:\\Project\\00000001\\connect\\root\\iteffa-kernel\\inc\\start.php on line 47
[Sun Nov 15 08:55:31.039300 2020] [:error] [pid 6836:tid 1280] [client ::1:57483] PHP Notice:  Undefined variable: users in C:\\Project\\00000001\\connect\\root\\iteffa-kernel\\inc\\start.php on line 46
[Sun Nov 15 08:55:32.622897 2020] [:error] [pid 6836:tid 1280] [client ::1:57483] PHP Notice:  Undefined variable: users in C:\\Project\\00000001\\connect\\root\\iteffa-kernel\\inc\\start.php on line 46
[Sun Nov 15 08:56:29.757346 2020] [:error] [pid 6836:tid 1280] [client ::1:57486] PHP Notice:  Undefined variable: users in C:\\Project\\00000001\\connect\\root\\iteffa-kernel\\inc\\start.php on line 46
[Sun Nov 15 08:56:44.328730 2020] [:error] [pid 6836:tid 1280] [client ::1:57488] PHP Notice:  Undefined variable: users in C:\\Project\\00000001\\connect\\root\\iteffa-kernel\\inc\\start.php on line 46
[Sun Nov 15 08:57:10.710527 2020] [:error] [pid 6836:tid 1280] [client ::1:57490] PHP Notice:  Undefined variable: users in C:\\Project\\00000001\\connect\\root\\iteffa-kernel\\inc\\start.php on line 46
[Sun Nov 15 08:57:10.730294 2020] [:error] [pid 6836:tid 1280] [client ::1:57490] PHP Fatal error:  Uncaught  --> Smarty: Unable to load template 'file:index.tpl' <-- \n  thrown in C:\\Project\\00000001\\connect\\root\\iteffa-kernel\\libs\\sysplugins\\smarty_internal_template.php on line 195
[Sun Nov 15 08:57:29.359337 2020] [:error] [pid 6836:tid 1280] [client ::1:57492] PHP Notice:  Undefined variable: users in C:\\Project\\00000001\\connect\\root\\iteffa-kernel\\inc\\start.php on line 46
[Sun Nov 15 08:57:29.365356 2020] [:error] [pid 6836:tid 1280] [client ::1:57492] PHP Fatal error:  Uncaught  --> Smarty: Unable to load template 'file:index.tpl' <-- \n  thrown in C:\\Project\\00000001\\connect\\root\\iteffa-kernel\\libs\\sysplugins\\smarty_internal_template.php on line 195
[Sun Nov 15 08:57:44.891369 2020] [:error] [pid 6836:tid 1280] [client ::1:57494] PHP Notice:  Undefined variable: users in C:\\Project\\00000001\\connect\\root\\iteffa-kernel\\inc\\start.php on line 46
[Sun Nov 15 08:57:44.898390 2020] [:error] [pid 6836:tid 1280] [client ::1:57494] PHP Fatal error:  Uncaught  --> Smarty: Unable to load template 'file:index.tpl' <-- \n  thrown in C:\\Project\\00000001\\connect\\root\\iteffa-kernel\\libs\\sysplugins\\smarty_internal_template.php on line 195
[Sun Nov 15 08:58:05.204848 2020] [:error] [pid 6836:tid 1280] [client ::1:57496] PHP Notice:  Undefined variable: users in C:\\Project\\00000001\\connect\\root\\iteffa-kernel\\inc\\start.php on line 46
[Sun Nov 15 08:58:05.229931 2020] [:error] [pid 6836:tid 1280] [client ::1:57496] PHP Fatal error:  Uncaught  --> Smarty: Unable to load template 'file:index.tpl' <-- \n  thrown in C:\\Project\\00000001\\connect\\root\\iteffa-kernel\\libs\\sysplugins\\smarty_internal_template.php on line 195
[Sun Nov 15 08:58:11.989558 2020] [:error] [pid 6836:tid 1280] [client ::1:57499] PHP Notice:  Undefined variable: users in C:\\Project\\00000001\\connect\\root\\iteffa-kernel\\inc\\start.php on line 46
[Sun Nov 15 08:58:14.843825 2020] [:error] [pid 6836:tid 1280] [client ::1:57499] PHP Notice:  Undefined variable: users in C:\\Project\\00000001\\connect\\root\\iteffa-kernel\\inc\\start.php on line 46
[Sun Nov 15 08:58:14.849841 2020] [:error] [pid 6836:tid 1280] [client ::1:57499] PHP Fatal error:  Uncaught  --> Smarty: Unable to load template 'file:index.tpl' <-- \n  thrown in C:\\Project\\00000001\\connect\\root\\iteffa-kernel\\libs\\sysplugins\\smarty_internal_template.php on line 195
[Sun Nov 15 08:58:18.701747 2020] [:error] [pid 6836:tid 1280] [client ::1:57502] PHP Notice:  Undefined variable: users in C:\\Project\\00000001\\connect\\root\\iteffa-kernel\\inc\\start.php on line 46
[Sun Nov 15 08:58:23.470047 2020] [:error] [pid 6836:tid 1280] [client ::1:57502] PHP Notice:  Undefined variable: users in C:\\Project\\00000001\\connect\\root\\iteffa-kernel\\inc\\start.php on line 46
[Sun Nov 15 08:58:23.477068 2020] [:error] [pid 6836:tid 1280] [client ::1:57502] PHP Fatal error:  Uncaught  --> Smarty: Unable to load template 'file:index.tpl' <-- \n  thrown in C:\\Project\\00000001\\connect\\root\\iteffa-kernel\\libs\\sysplugins\\smarty_internal_template.php on line 195
[Sun Nov 15 08:59:21.269788 2020] [:error] [pid 6836:tid 1280] [client ::1:57505] PHP Notice:  Undefined variable: users in C:\\Project\\00000001\\connect\\root\\iteffa-kernel\\inc\\start.php on line 46
[Sun Nov 15 08:59:21.392082 2020] [:error] [pid 6836:tid 1280] [client ::1:57505] PHP Warning:  strftime(): It is not safe to rely on the system's timezone settings. You are *required* to use the date.timezone setting or the date_default_timezone_set() function. In case you used any of those methods and you are still getting this warning, you most likely misspelled the timezone identifier. We selected the timezone 'UTC' for now, but please set date.timezone to select your timezone. in C:\\Project\\00000001\\connect\\root\\iteffa-kernel\\libs\\sysplugins\\smarty_internal_runtime_codeframe.php on line 48
[Sun Nov 15 08:59:21.410345 2020] [:error] [pid 6836:tid 1280] [client ::1:57505] PHP Warning:  strftime(): It is not safe to rely on the system's timezone settings. You are *required* to use the date.timezone setting or the date_default_timezone_set() function. In case you used any of those methods and you are still getting this warning, you most likely misspelled the timezone identifier. We selected the timezone 'UTC' for now, but please set date.timezone to select your timezone. in C:\\Project\\00000001\\connect\\root\\iteffa-kernel\\libs\\sysplugins\\smarty_internal_runtime_codeframe.php on line 48
[Sun Nov 15 08:59:21.516361 2020] [:error] [pid 6836:tid 1280] [client ::1:57505] PHP Warning:  strftime(): It is not safe to rely on the system's timezone settings. You are *required* to use the date.timezone setting or the date_default_timezone_set() function. In case you used any of those methods and you are still getting this warning, you most likely misspelled the timezone identifier. We selected the timezone 'UTC' for now, but please set date.timezone to select your timezone. in C:\\Project\\00000001\\connect\\root\\iteffa-kernel\\libs\\sysplugins\\smarty_internal_runtime_codeframe.php on line 48
[Sun Nov 15 08:59:43.785707 2020] [:error] [pid 6836:tid 1280] [client ::1:57507] PHP Notice:  Undefined variable: users in C:\\Project\\00000001\\connect\\root\\iteffa-kernel\\inc\\start.php on line 46
[Sun Nov 15 08:59:43.803766 2020] [:error] [pid 6836:tid 1280] [client ::1:57507] PHP Warning:  strftime(): It is not safe to rely on the system's timezone settings. You are *required* to use the date.timezone setting or the date_default_timezone_set() function. In case you used any of those methods and you are still getting this warning, you most likely misspelled the timezone identifier. We selected the timezone 'UTC' for now, but please set date.timezone to select your timezone. in C:\\Project\\00000001\\connect\\root\\iteffa-kernel\\libs\\sysplugins\\smarty_internal_runtime_codeframe.php on line 48
[Sun Nov 15 08:59:44.271237 2020] [:error] [pid 6836:tid 1280] [client ::1:57507] PHP Notice:  Undefined variable: users in C:\\Project\\00000001\\connect\\root\\iteffa-kernel\\inc\\start.php on line 46
[Sun Nov 15 08:59:44.456227 2020] [:error] [pid 6836:tid 1280] [client ::1:57507] PHP Notice:  Undefined variable: users in C:\\Project\\00000001\\connect\\root\\iteffa-kernel\\inc\\start.php on line 46
[Sun Nov 15 09:00:04.132898 2020] [:error] [pid 6836:tid 1280] [client ::1:57511] PHP Notice:  Undefined variable: users in C:\\Project\\00000001\\connect\\root\\iteffa-kernel\\inc\\start.php on line 46
[Sun Nov 15 09:00:22.990899 2020] [:error] [pid 6836:tid 1280] [client ::1:57513] PHP Notice:  Undefined variable: users in C:\\Project\\00000001\\connect\\root\\iteffa-kernel\\inc\\start.php on line 46
[Sun Nov 15 09:00:23.008959 2020] [:error] [pid 6836:tid 1280] [client ::1:57513] PHP Warning:  strftime(): It is not safe to rely on the system's timezone settings. You are *required* to use the date.timezone setting or the date_default_timezone_set() function. In case you used any of those methods and you are still getting this warning, you most likely misspelled the timezone identifier. We selected the timezone 'UTC' for now, but please set date.timezone to select your timezone. in C:\\Project\\00000001\\connect\\root\\iteffa-kernel\\libs\\sysplugins\\smarty_internal_runtime_codeframe.php on line 48
[Sun Nov 15 09:00:56.289764 2020] [:error] [pid 6836:tid 1280] [client ::1:57516] PHP Parse error:  syntax error, unexpected '$smarty' (T_VARIABLE) in C:\\Project\\00000001\\connect\\root\\iteffa-kernel\\inc\\start.php on line 3
[Sun Nov 15 09:01:05.210443 2020] [:error] [pid 6836:tid 1280] [client ::1:57517] PHP Notice:  Undefined variable: smarty in C:\\Project\\00000001\\connect\\root\\iteffa-kernel\\inc\\start.php on line 2
[Sun Nov 15 09:01:05.210443 2020] [:error] [pid 6836:tid 1280] [client ::1:57517] PHP Fatal error:  Call to a member function display() on a non-object in C:\\Project\\00000001\\connect\\root\\iteffa-kernel\\inc\\start.php on line 2
[Sun Nov 15 09:01:05.657979 2020] [:error] [pid 6836:tid 1280] [client ::1:57518] PHP Notice:  Undefined variable: smarty in C:\\Project\\00000001\\connect\\root\\iteffa-kernel\\inc\\start.php on line 2
[Sun Nov 15 09:01:05.657979 2020] [:error] [pid 6836:tid 1280] [client ::1:57518] PHP Fatal error:  Call to a member function display() on a non-object in C:\\Project\\00000001\\connect\\root\\iteffa-kernel\\inc\\start.php on line 2
[Sun Nov 15 09:01:05.855233 2020] [:error] [pid 6836:tid 1280] [client ::1:57519] PHP Notice:  Undefined variable: smarty in C:\\Project\\00000001\\connect\\root\\iteffa-kernel\\inc\\start.php on line 2
[Sun Nov 15 09:01:05.855233 2020] [:error] [pid 6836:tid 1280] [client ::1:57519] PHP Fatal error:  Call to a member function display() on a non-object in C:\\Project\\00000001\\connect\\root\\iteffa-kernel\\inc\\start.php on line 2
[Sun Nov 15 09:02:10.763851 2020] [:error] [pid 6836:tid 1280] [client ::1:57520] PHP Notice:  Undefined variable: smarty in C:\\Project\\00000001\\connect\\root\\iteffa-kernel\\inc\\start.php on line 2
[Sun Nov 15 09:02:10.763851 2020] [:error] [pid 6836:tid 1280] [client ::1:57520] PHP Fatal error:  Call to a member function display() on a non-object in C:\\Project\\00000001\\connect\\root\\iteffa-kernel\\inc\\start.php on line 2
[Sun Nov 15 09:02:25.725443 2020] [:error] [pid 6836:tid 1280] [client ::1:57521] PHP Notice:  Undefined variable: smarty in C:\\Project\\00000001\\connect\\root\\iteffa-kernel\\inc\\start.php on line 2
[Sun Nov 15 09:02:25.725443 2020] [:error] [pid 6836:tid 1280] [client ::1:57521] PHP Fatal error:  Call to a member function display() on a non-object in C:\\Project\\00000001\\connect\\root\\iteffa-kernel\\inc\\start.php on line 2
[Sun Nov 15 09:02:53.545366 2020] [:error] [pid 6836:tid 1280] [client ::1:57523] PHP Notice:  Undefined variable: users in C:\\Project\\00000001\\connect\\root\\iteffa-kernel\\inc\\start.php on line 48
[Sun Nov 15 09:02:53.567329 2020] [:error] [pid 6836:tid 1280] [client ::1:57523] PHP Warning:  strftime(): It is not safe to rely on the system's timezone settings. You are *required* to use the date.timezone setting or the date_default_timezone_set() function. In case you used any of those methods and you are still getting this warning, you most likely misspelled the timezone identifier. We selected the timezone 'UTC' for now, but please set date.timezone to select your timezone. in C:\\Project\\00000001\\connect\\root\\iteffa-kernel\\libs\\sysplugins\\smarty_internal_runtime_codeframe.php on line 48
[Sun Nov 15 09:02:53.584387 2020] [:error] [pid 6836:tid 1280] [client ::1:57523] PHP Warning:  strftime(): It is not safe to rely on the system's timezone settings. You are *required* to use the date.timezone setting or the date_default_timezone_set() function. In case you used any of those methods and you are still getting this warning, you most likely misspelled the timezone identifier. We selected the timezone 'UTC' for now, but please set date.timezone to select your timezone. in C:\\Project\\00000001\\connect\\root\\iteffa-kernel\\libs\\sysplugins\\smarty_internal_runtime_codeframe.php on line 48
[Sun Nov 15 09:03:20.334946 2020] [:error] [pid 6836:tid 1280] [client ::1:57525] PHP Notice:  Undefined variable: users in C:\\Project\\00000001\\connect\\root\\iteffa-kernel\\inc\\start.php on line 48
[Sun Nov 15 09:03:20.356016 2020] [:error] [pid 6836:tid 1280] [client ::1:57525] PHP Warning:  strftime(): It is not safe to rely on the system's timezone settings. You are *required* to use the date.timezone setting or the date_default_timezone_set() function. In case you used any of those methods and you are still getting this warning, you most likely misspelled the timezone identifier. We selected the timezone 'UTC' for now, but please set date.timezone to select your timezone. in C:\\Project\\00000001\\connect\\root\\iteffa-kernel\\libs\\sysplugins\\smarty_internal_runtime_codeframe.php on line 48
[Sun Nov 15 09:03:48.234691 2020] [:error] [pid 6836:tid 1280] [client ::1:57527] PHP Notice:  Undefined variable: users in C:\\Project\\00000001\\connect\\root\\iteffa-kernel\\inc\\start.php on line 48
[Sun Nov 15 09:03:53.624903 2020] [:error] [pid 6836:tid 1280] [client ::1:57529] PHP Notice:  Undefined variable: smarty in C:\\Project\\00000001\\connect\\root\\iteffa-kernel\\inc\\start.php on line 2
[Sun Nov 15 09:03:53.624903 2020] [:error] [pid 6836:tid 1280] [client ::1:57529] PHP Fatal error:  Call to a member function display() on a non-object in C:\\Project\\00000001\\connect\\root\\iteffa-kernel\\inc\\start.php on line 2
[Sun Nov 15 09:04:04.181858 2020] [:error] [pid 6836:tid 1280] [client ::1:57530] PHP Notice:  Undefined variable: users in C:\\Project\\00000001\\connect\\root\\iteffa-kernel\\inc\\start.php on line 46
[Sun Nov 15 09:04:04.181858 2020] [:error] [pid 6836:tid 1280] [client ::1:57530] PHP Notice:  Undefined variable: smarty in C:\\Project\\00000001\\connect\\root\\iteffa-kernel\\inc\\start.php on line 52
[Sun Nov 15 09:04:04.181858 2020] [:error] [pid 6836:tid 1280] [client ::1:57530] PHP Fatal error:  Call to a member function display() on a non-object in C:\\Project\\00000001\\connect\\root\\iteffa-kernel\\inc\\start.php on line 52
[Sun Nov 15 09:04:04.580183 2020] [:error] [pid 6836:tid 1280] [client ::1:57532] PHP Notice:  Undefined variable: users in C:\\Project\\00000001\\connect\\root\\iteffa-kernel\\inc\\start.php on line 46
[Sun Nov 15 09:04:04.580183 2020] [:error] [pid 6836:tid 1280] [client ::1:57532] PHP Notice:  Undefined variable: smarty in C:\\Project\\00000001\\connect\\root\\iteffa-kernel\\inc\\start.php on line 52
[Sun Nov 15 09:04:04.580183 2020] [:error] [pid 6836:tid 1280] [client ::1:57532] PHP Fatal error:  Call to a member function display() on a non-object in C:\\Project\\00000001\\connect\\root\\iteffa-kernel\\inc\\start.php on line 52
[Sun Nov 15 09:06:12.717060 2020] [:error] [pid 6836:tid 1280] [client ::1:57540] PHP Notice:  Undefined variable: users in C:\\Project\\00000001\\connect\\root\\iteffa-kernel\\inc\\start.php on line 46
[Sun Nov 15 09:06:12.725085 2020] [:error] [pid 6836:tid 1280] [client ::1:57540] PHP Fatal error:  Uncaught  --> Smarty: Unable to load template 'file:index.tpl' <-- \n  thrown in C:\\Project\\00000001\\connect\\root\\iteffa-kernel\\libs\\sysplugins\\smarty_internal_template.php on line 195
[Sun Nov 15 09:07:12.868693 2020] [:error] [pid 6836:tid 1280] [client ::1:57542] PHP Notice:  Undefined variable: users in C:\\Project\\00000001\\connect\\root\\iteffa-kernel\\inc\\start.php on line 46
[Sun Nov 15 09:07:12.889766 2020] [:error] [pid 6836:tid 1280] [client ::1:57542] PHP Warning:  strftime(): It is not safe to rely on the system's timezone settings. You are *required* to use the date.timezone setting or the date_default_timezone_set() function. In case you used any of those methods and you are still getting this warning, you most likely misspelled the timezone identifier. We selected the timezone 'UTC' for now, but please set date.timezone to select your timezone. in C:\\Project\\00000001\\connect\\root\\iteffa-kernel\\libs\\sysplugins\\smarty_internal_runtime_codeframe.php on line 48
[Sun Nov 15 09:07:12.907826 2020] [:error] [pid 6836:tid 1280] [client ::1:57542] PHP Warning:  strftime(): It is not safe to rely on the system's timezone settings. You are *required* to use the date.timezone setting or the date_default_timezone_set() function. In case you used any of those methods and you are still getting this warning, you most likely misspelled the timezone identifier. We selected the timezone 'UTC' for now, but please set date.timezone to select your timezone. in C:\\Project\\00000001\\connect\\root\\iteffa-kernel\\libs\\sysplugins\\smarty_internal_runtime_codeframe.php on line 48
[Sun Nov 15 09:07:21.249239 2020] [:error] [pid 6836:tid 1280] [client ::1:57544] PHP Notice:  Undefined variable: users in C:\\Project\\00000001\\connect\\root\\iteffa-kernel\\inc\\start.php on line 46
[Sun Nov 15 09:07:21.478260 2020] [:error] [pid 6836:tid 1280] [client ::1:57544] PHP Notice:  Undefined variable: users in C:\\Project\\00000001\\connect\\root\\iteffa-kernel\\inc\\start.php on line 46
[Sun Nov 15 09:07:21.670757 2020] [:error] [pid 6836:tid 1280] [client ::1:57544] PHP Notice:  Undefined variable: users in C:\\Project\\00000001\\connect\\root\\iteffa-kernel\\inc\\start.php on line 46
[Sun Nov 15 09:07:21.829898 2020] [:error] [pid 6836:tid 1280] [client ::1:57544] PHP Notice:  Undefined variable: users in C:\\Project\\00000001\\connect\\root\\iteffa-kernel\\inc\\start.php on line 46
[Sun Nov 15 09:15:41.143855 2020] [:error] [pid 6836:tid 1280] [client ::1:57566] PHP Notice:  Undefined variable: users in C:\\Project\\00000001\\connect\\root\\_nucleus\\inc\\start.php on line 46
[Sun Nov 15 09:15:41.244188 2020] [:error] [pid 6836:tid 1280] [client ::1:57566] PHP Warning:  require(handlers/pages/index.php): failed to open stream: No such file or directory in C:\\Project\\00000001\\connect\\root\\server.php on line 38
[Sun Nov 15 09:15:41.244188 2020] [:error] [pid 6836:tid 1280] [client ::1:57566] PHP Fatal error:  require(): Failed opening required 'handlers/pages/index.php' (include_path='.;C:\\php\\pear') in C:\\Project\\00000001\\connect\\root\\server.php on line 38
[Sun Nov 15 09:16:06.574402 2020] [:error] [pid 6836:tid 1280] [client ::1:57568] PHP Notice:  Undefined variable: users in C:\\Project\\00000001\\connect\\root\\_nucleus\\inc\\start.php on line 46
[Sun Nov 15 09:16:17.661741 2020] [:error] [pid 6836:tid 1280] [client ::1:57570] script 'C:/Project/00000001/connect/root/index.php' not found or unable to stat
[Sun Nov 15 09:16:17.662742 2020] [:error] [pid 6836:tid 1280] [client ::1:57570] script 'C:/Project/00000001/connect/root/index.php' not found or unable to stat
[Sun Nov 15 09:16:23.102746 2020] [:error] [pid 6836:tid 1280] [client ::1:57571] script 'C:/Project/00000001/connect/root/index.php' not found or unable to stat
[Sun Nov 15 09:16:23.103748 2020] [:error] [pid 6836:tid 1280] [client ::1:57571] script 'C:/Project/00000001/connect/root/index.php' not found or unable to stat
[Sun Nov 15 09:16:25.979363 2020] [:error] [pid 6836:tid 1280] [client ::1:57571] PHP Notice:  Undefined variable: users in C:\\Project\\00000001\\connect\\root\\_nucleus\\inc\\start.php on line 46
[Sun Nov 15 09:18:31.869642 2020] [:error] [pid 6836:tid 1280] [client ::1:57575] PHP Notice:  Undefined variable: users in C:\\Project\\00000001\\connect\\root\\_nucleus\\inc\\start.php on line 46
[Sun Nov 15 09:18:31.953920 2020] [:error] [pid 6836:tid 1280] [client ::1:57575] PHP Warning:  strftime(): It is not safe to rely on the system's timezone settings. You are *required* to use the date.timezone setting or the date_default_timezone_set() function. In case you used any of those methods and you are still getting this warning, you most likely misspelled the timezone identifier. We selected the timezone 'UTC' for now, but please set date.timezone to select your timezone. in C:\\Project\\00000001\\connect\\root\\_nucleus\\libs\\sysplugins\\smarty_internal_runtime_codeframe.php on line 48
[Sun Nov 15 09:21:22.534544 2020] [:error] [pid 6836:tid 1280] [client ::1:57583] PHP Notice:  Undefined variable: users in C:\\Project\\00000001\\connect\\root\\_nucleus\\inc\\start.php on line 46
[Sun Nov 15 09:21:22.960520 2020] [:error] [pid 6836:tid 1280] [client ::1:57583] PHP Notice:  Undefined variable: users in C:\\Project\\00000001\\connect\\root\\_nucleus\\inc\\start.php on line 46
[Sun Nov 15 09:21:28.103372 2020] [:error] [pid 6836:tid 1280] [client ::1:57586] script 'C:/Project/00000001/connect/root/index.php' not found or unable to stat
[Sun Nov 15 09:21:28.105378 2020] [:error] [pid 6836:tid 1280] [client ::1:57586] script 'C:/Project/00000001/connect/root/index.php' not found or unable to stat
[Sun Nov 15 09:22:42.183551 2020] [:error] [pid 6836:tid 1280] [client ::1:57590] script 'C:/Project/00000001/connect/root/index.php' not found or unable to stat
[Sun Nov 15 09:22:42.184553 2020] [:error] [pid 6836:tid 1280] [client ::1:57590] script 'C:/Project/00000001/connect/root/index.php' not found or unable to stat
[Sun Nov 15 09:23:00.684855 2020] [:error] [pid 6836:tid 1280] [client ::1:57591] PHP Notice:  Undefined variable: users in C:\\Project\\00000001\\connect\\root\\_nucleus\\inc\\start.php on line 46
[Sun Nov 15 09:23:19.746645 2020] [:error] [pid 6836:tid 1280] [client ::1:57593] PHP Notice:  Undefined variable: users in C:\\Project\\00000001\\connect\\root\\_nucleus\\inc\\start.php on line 46
[Sun Nov 15 09:23:22.089565 2020] [:error] [pid 6836:tid 1280] [client ::1:57593] PHP Notice:  Undefined variable: users in C:\\Project\\00000001\\connect\\root\\_nucleus\\inc\\start.php on line 46
[Sun Nov 15 09:23:25.625253 2020] [:error] [pid 6836:tid 1280] [client ::1:57593] PHP Notice:  Undefined variable: users in C:\\Project\\00000001\\connect\\root\\_nucleus\\inc\\start.php on line 46
[Sun Nov 15 09:25:36.627395 2020] [:error] [pid 6836:tid 1280] [client ::1:57607] PHP Notice:  Undefined variable: users in C:\\Project\\00000001\\connect\\root\\_nucleus\\inc\\start.php on line 46
[Sun Nov 15 09:42:54.075326 2020] [:error] [pid 6836:tid 1280] [client ::1:57658] PHP Notice:  Undefined variable: users in C:\\Project\\00000001\\connect\\root\\_nucleus\\inc\\start.php on line 46
[Sun Nov 15 09:42:54.076329 2020] [:error] [pid 6836:tid 1280] [client ::1:57658] PHP Parse error:  syntax error, unexpected '$dir' (T_VARIABLE) in C:\\Project\\00000001\\connect\\root\\_nucleus\\libs\\Smarty.class.php on line 197
[Sun Nov 15 09:42:54.920931 2020] [:error] [pid 6836:tid 1280] [client ::1:57660] PHP Notice:  Undefined variable: users in C:\\Project\\00000001\\connect\\root\\_nucleus\\inc\\start.php on line 46
[Sun Nov 15 09:42:54.921935 2020] [:error] [pid 6836:tid 1280] [client ::1:57660] PHP Parse error:  syntax error, unexpected '$dir' (T_VARIABLE) in C:\\Project\\00000001\\connect\\root\\_nucleus\\libs\\Smarty.class.php on line 197
[Sun Nov 15 09:43:37.955049 2020] [:error] [pid 6836:tid 1280] [client ::1:57663] PHP Notice:  Undefined variable: users in C:\\Project\\00000001\\connect\\root\\_nucleus\\inc\\start.php on line 46
[Sun Nov 15 09:43:37.956053 2020] [:error] [pid 6836:tid 1280] [client ::1:57663] PHP Parse error:  syntax error, unexpected '$dir' (T_VARIABLE) in C:\\Project\\00000001\\connect\\root\\_nucleus\\libs\\Smarty.class.php on line 197
[Sun Nov 15 09:43:38.453248 2020] [:error] [pid 6836:tid 1280] [client ::1:57665] PHP Notice:  Undefined variable: users in C:\\Project\\00000001\\connect\\root\\_nucleus\\inc\\start.php on line 46
[Sun Nov 15 09:43:38.454253 2020] [:error] [pid 6836:tid 1280] [client ::1:57665] PHP Parse error:  syntax error, unexpected '$dir' (T_VARIABLE) in C:\\Project\\00000001\\connect\\root\\_nucleus\\libs\\Smarty.class.php on line 197
[Sun Nov 15 09:43:40.709616 2020] [:error] [pid 6836:tid 1280] [client ::1:57667] PHP Notice:  Undefined variable: users in C:\\Project\\00000001\\connect\\root\\_nucleus\\inc\\start.php on line 46
[Sun Nov 15 09:43:40.710621 2020] [:error] [pid 6836:tid 1280] [client ::1:57667] PHP Parse error:  syntax error, unexpected '$dir' (T_VARIABLE) in C:\\Project\\00000001\\connect\\root\\_nucleus\\libs\\Smarty.class.php on line 197
[Sun Nov 15 09:43:42.775338 2020] [:error] [pid 6836:tid 1280] [client ::1:57669] PHP Notice:  Undefined variable: users in C:\\Project\\00000001\\connect\\root\\_nucleus\\inc\\start.php on line 46
[Sun Nov 15 09:43:42.776342 2020] [:error] [pid 6836:tid 1280] [client ::1:57669] PHP Parse error:  syntax error, unexpected '$dir' (T_VARIABLE) in C:\\Project\\00000001\\connect\\root\\_nucleus\\libs\\Smarty.class.php on line 197
[Sun Nov 15 09:43:42.996432 2020] [:error] [pid 6836:tid 1280] [client ::1:57671] PHP Notice:  Undefined variable: users in C:\\Project\\00000001\\connect\\root\\_nucleus\\inc\\start.php on line 46
[Sun Nov 15 09:43:42.997436 2020] [:error] [pid 6836:tid 1280] [client ::1:57671] PHP Parse error:  syntax error, unexpected '$dir' (T_VARIABLE) in C:\\Project\\00000001\\connect\\root\\_nucleus\\libs\\Smarty.class.php on line 197
[Sun Nov 15 09:43:43.198470 2020] [:error] [pid 6836:tid 1280] [client ::1:57673] PHP Notice:  Undefined variable: users in C:\\Project\\00000001\\connect\\root\\_nucleus\\inc\\start.php on line 46
[Sun Nov 15 09:43:43.199472 2020] [:error] [pid 6836:tid 1280] [client ::1:57673] PHP Parse error:  syntax error, unexpected '$dir' (T_VARIABLE) in C:\\Project\\00000001\\connect\\root\\_nucleus\\libs\\Smarty.class.php on line 197
[Sun Nov 15 09:43:57.192364 2020] [:error] [pid 6836:tid 1280] [client ::1:57677] PHP Notice:  Undefined variable: users in C:\\Project\\00000001\\connect\\root\\_nucleus\\inc\\start.php on line 46
[Sun Nov 15 09:43:57.192364 2020] [:error] [pid 6836:tid 1280] [client ::1:57677] PHP Fatal error:  Class 'Smarty' not found in C:\\Project\\00000001\\connect\\root\\server.php on line 8
[Sun Nov 15 09:44:10.555176 2020] [:error] [pid 6836:tid 1280] [client ::1:57679] PHP Notice:  Undefined variable: users in C:\\Project\\00000001\\connect\\root\\_nucleus\\inc\\start.php on line 46
[Sun Nov 15 09:44:10.556181 2020] [:error] [pid 6836:tid 1280] [client ::1:57679] PHP Notice:  Undefined variable: smarty in C:\\Project\\00000001\\connect\\root\\handlers\\pages\\index.php on line 2
[Sun Nov 15 09:44:10.556181 2020] [:error] [pid 6836:tid 1280] [client ::1:57679] PHP Fatal error:  Call to a member function display() on a non-object in C:\\Project\\00000001\\connect\\root\\handlers\\pages\\index.php on line 2
[Sun Nov 15 09:44:27.591731 2020] [:error] [pid 6836:tid 1280] [client ::1:57685] PHP Notice:  Undefined variable: users in C:\\Project\\00000001\\connect\\root\\_nucleus\\inc\\start.php on line 46
[Sun Nov 15 09:44:27.592734 2020] [:error] [pid 6836:tid 1280] [client ::1:57685] PHP Notice:  Undefined variable: smarty in C:\\Project\\00000001\\connect\\root\\handlers\\pages\\index.php on line 2
[Sun Nov 15 09:44:27.592734 2020] [:error] [pid 6836:tid 1280] [client ::1:57685] PHP Fatal error:  Call to a member function display() on a non-object in C:\\Project\\00000001\\connect\\root\\handlers\\pages\\index.php on line 2
[Sun Nov 15 09:44:49.886802 2020] [:error] [pid 6836:tid 1280] [client ::1:57687] PHP Notice:  Undefined variable: users in C:\\Project\\00000001\\connect\\root\\_nucleus\\inc\\start.php on line 46
[Sun Nov 15 09:44:49.887805 2020] [:error] [pid 6836:tid 1280] [client ::1:57687] PHP Notice:  Undefined variable: smarty in C:\\Project\\00000001\\connect\\root\\handlers\\pages\\index.php on line 2
[Sun Nov 15 09:44:49.887805 2020] [:error] [pid 6836:tid 1280] [client ::1:57687] PHP Fatal error:  Call to a member function display() on a non-object in C:\\Project\\00000001\\connect\\root\\handlers\\pages\\index.php on line 2
[Sun Nov 15 09:45:24.266117 2020] [:error] [pid 6836:tid 1280] [client ::1:57689] PHP Notice:  Undefined variable: users in C:\\Project\\00000001\\connect\\root\\_nucleus\\inc\\start.php on line 46
[Sun Nov 15 09:45:24.267121 2020] [:error] [pid 6836:tid 1280] [client ::1:57689] PHP Parse error:  syntax error, unexpected '$dir' (T_VARIABLE) in C:\\Project\\00000001\\connect\\root\\_nucleus\\libs\\Smarty.class.php on line 197
[Sun Nov 15 09:45:24.755202 2020] [:error] [pid 6836:tid 1280] [client ::1:57691] PHP Notice:  Undefined variable: users in C:\\Project\\00000001\\connect\\root\\_nucleus\\inc\\start.php on line 46
[Sun Nov 15 09:45:24.756206 2020] [:error] [pid 6836:tid 1280] [client ::1:57691] PHP Parse error:  syntax error, unexpected '$dir' (T_VARIABLE) in C:\\Project\\00000001\\connect\\root\\_nucleus\\libs\\Smarty.class.php on line 197
[Sun Nov 15 09:45:25.042262 2020] [:error] [pid 6836:tid 1280] [client ::1:57693] PHP Notice:  Undefined variable: users in C:\\Project\\00000001\\connect\\root\\_nucleus\\inc\\start.php on line 46
[Sun Nov 15 09:45:25.043265 2020] [:error] [pid 6836:tid 1280] [client ::1:57693] PHP Parse error:  syntax error, unexpected '$dir' (T_VARIABLE) in C:\\Project\\00000001\\connect\\root\\_nucleus\\libs\\Smarty.class.php on line 197
[Sun Nov 15 09:45:25.317442 2020] [:error] [pid 6836:tid 1280] [client ::1:57695] PHP Notice:  Undefined variable: users in C:\\Project\\00000001\\connect\\root\\_nucleus\\inc\\start.php on line 46
[Sun Nov 15 09:45:25.318446 2020] [:error] [pid 6836:tid 1280] [client ::1:57695] PHP Parse error:  syntax error, unexpected '$dir' (T_VARIABLE) in C:\\Project\\00000001\\connect\\root\\_nucleus\\libs\\Smarty.class.php on line 197
[Sun Nov 15 09:45:32.123676 2020] [core:warn] [pid 10156:tid 556] AH00098: pid file C:/Project/00000001/connect/apache2/logs/httpd.pid overwritten -- Unclean shutdown of previous Apache run?
[Sun Nov 15 09:45:32.162806 2020] [mpm_winnt:notice] [pid 10156:tid 556] AH00455: Apache/2.4.6 (Win32) PHP/5.4.17 configured -- resuming normal operations
[Sun Nov 15 09:45:32.162806 2020] [mpm_winnt:notice] [pid 10156:tid 556] AH00456: Apache Lounge VC10 Server built: Jul 16 2013 11:15:41
[Sun Nov 15 09:45:32.162806 2020] [core:notice] [pid 10156:tid 556] AH00094: Command line: 'C:\\Project\\00000001\\connect/apache2/bin/httpd_usbwv8.exe -d C:/Project/00000001/connect/apache2'
[Sun Nov 15 09:45:32.165818 2020] [mpm_winnt:notice] [pid 10156:tid 556] AH00418: Parent: Created child process 13236
[Sun Nov 15 09:45:33.816280 2020] [mpm_winnt:notice] [pid 13236:tid 764] AH00354: Child: Starting 64 worker threads.
[Sun Nov 15 09:45:33.836347 2020] [:error] [pid 13236:tid 1276] [client ::1:57697] PHP Notice:  Undefined variable: users in C:\\Project\\00000001\\connect\\root\\_nucleus\\inc\\start.php on line 46
[Sun Nov 15 09:45:33.837351 2020] [:error] [pid 13236:tid 1276] [client ::1:57697] PHP Parse error:  syntax error, unexpected '$dir' (T_VARIABLE) in C:\\Project\\00000001\\connect\\root\\_nucleus\\libs\\Smarty.class.php on line 197
[Sun Nov 15 09:45:34.526138 2020] [:error] [pid 13236:tid 1276] [client ::1:57699] PHP Notice:  Undefined variable: users in C:\\Project\\00000001\\connect\\root\\_nucleus\\inc\\start.php on line 46
[Sun Nov 15 09:45:34.527141 2020] [:error] [pid 13236:tid 1276] [client ::1:57699] PHP Parse error:  syntax error, unexpected '$dir' (T_VARIABLE) in C:\\Project\\00000001\\connect\\root\\_nucleus\\libs\\Smarty.class.php on line 197
[Sun Nov 15 09:45:44.887417 2020] [:error] [pid 13236:tid 1276] [client ::1:57702] PHP Notice:  Undefined variable: users in C:\\Project\\00000001\\connect\\root\\_nucleus\\inc\\start.php on line 46
[Sun Nov 15 09:45:44.888420 2020] [:error] [pid 13236:tid 1276] [client ::1:57702] PHP Parse error:  syntax error, unexpected '$dir' (T_VARIABLE) in C:\\Project\\00000001\\connect\\root\\_nucleus\\libs\\Smarty.class.php on line 197
[Sun Nov 15 09:45:57.665558 2020] [:error] [pid 13236:tid 1276] [client ::1:57704] PHP Notice:  Undefined variable: users in C:\\Project\\00000001\\connect\\root\\_nucleus\\inc\\start.php on line 46
[Sun Nov 15 09:45:57.665558 2020] [:error] [pid 13236:tid 1276] [client ::1:57704] PHP Parse error:  syntax error, unexpected '$dir' (T_VARIABLE) in C:\\Project\\00000001\\connect\\root\\_nucleus\\libs\\Smarty.class.php on line 197
[Sun Nov 15 09:46:04.689467 2020] [:error] [pid 13236:tid 1276] [client ::1:57706] PHP Notice:  Undefined variable: users in C:\\Project\\00000001\\connect\\root\\_nucleus\\inc\\start.php on line 46
[Sun Nov 15 09:46:04.689467 2020] [:error] [pid 13236:tid 1276] [client ::1:57706] PHP Parse error:  syntax error, unexpected '$dir' (T_VARIABLE) in C:\\Project\\00000001\\connect\\root\\_nucleus\\libs\\Smarty.class.php on line 197
[Sun Nov 15 09:46:12.459623 2020] [:error] [pid 13236:tid 1276] [client ::1:57708] PHP Notice:  Undefined variable: users in C:\\Project\\00000001\\connect\\root\\_nucleus\\inc\\start.php on line 46
[Sun Nov 15 09:46:12.460628 2020] [:error] [pid 13236:tid 1276] [client ::1:57708] PHP Parse error:  syntax error, unexpected '$dir' (T_VARIABLE) in C:\\Project\\00000001\\connect\\root\\_nucleus\\libs\\Smarty.class.php on line 197
[Sun Nov 15 09:46:22.213900 2020] [core:error] [pid 13236:tid 1276] [client ::1:57710] AH00124: Request exceeded the limit of 10 internal redirects due to probable configuration error. Use 'LimitInternalRecursion' to increase the limit if necessary. Use 'LogLevel debug' to get a backtrace.
[Sun Nov 15 09:46:28.764939 2020] [:error] [pid 13236:tid 1276] [client ::1:57711] PHP Notice:  Undefined variable: users in C:\\Project\\00000001\\connect\\root\\_nucleus\\inc\\start.php on line 46
[Sun Nov 15 09:46:28.764939 2020] [:error] [pid 13236:tid 1276] [client ::1:57711] PHP Parse error:  syntax error, unexpected '$dir' (T_VARIABLE) in C:\\Project\\00000001\\connect\\root\\_nucleus\\libs\\Smarty.class.php on line 197
[Sun Nov 15 09:46:40.131052 2020] [core:error] [pid 13236:tid 1276] [client ::1:57713] AH00124: Request exceeded the limit of 10 internal redirects due to probable configuration error. Use 'LimitInternalRecursion' to increase the limit if necessary. Use 'LogLevel debug' to get a backtrace.
[Sun Nov 15 09:46:50.392415 2020] [core:error] [pid 13236:tid 1276] [client ::1:57714] AH00124: Request exceeded the limit of 10 internal redirects due to probable configuration error. Use 'LimitInternalRecursion' to increase the limit if necessary. Use 'LogLevel debug' to get a backtrace.
[Sun Nov 15 09:47:08.076399 2020] [core:error] [pid 13236:tid 1276] [client ::1:57715] AH00124: Request exceeded the limit of 10 internal redirects due to probable configuration error. Use 'LimitInternalRecursion' to increase the limit if necessary. Use 'LogLevel debug' to get a backtrace.
[Sun Nov 15 09:47:20.710202 2020] [core:error] [pid 13236:tid 1276] [client ::1:57716] AH00124: Request exceeded the limit of 10 internal redirects due to probable configuration error. Use 'LimitInternalRecursion' to increase the limit if necessary. Use 'LogLevel debug' to get a backtrace.
[Sun Nov 15 09:47:25.535698 2020] [core:error] [pid 13236:tid 1276] [client ::1:57717] AH00124: Request exceeded the limit of 10 internal redirects due to probable configuration error. Use 'LimitInternalRecursion' to increase the limit if necessary. Use 'LogLevel debug' to get a backtrace.
[Sun Nov 15 09:47:48.767208 2020] [core:error] [pid 13236:tid 1276] [client ::1:57720] AH00124: Request exceeded the limit of 10 internal redirects due to probable configuration error. Use 'LimitInternalRecursion' to increase the limit if necessary. Use 'LogLevel debug' to get a backtrace.
[Sun Nov 15 09:48:09.596304 2020] [core:error] [pid 13236:tid 1276] [client ::1:57721] AH00124: Request exceeded the limit of 10 internal redirects due to probable configuration error. Use 'LimitInternalRecursion' to increase the limit if necessary. Use 'LogLevel debug' to get a backtrace.
[Sun Nov 15 09:50:30.018543 2020] [core:warn] [pid 9220:tid 616] AH00098: pid file C:/Project/00000001/connect/apache2/logs/httpd.pid overwritten -- Unclean shutdown of previous Apache run?
[Sun Nov 15 09:50:30.059846 2020] [mpm_winnt:notice] [pid 9220:tid 616] AH00455: Apache/2.4.6 (Win32) PHP/5.4.17 configured -- resuming normal operations
[Sun Nov 15 09:50:30.059846 2020] [mpm_winnt:notice] [pid 9220:tid 616] AH00456: Apache Lounge VC10 Server built: Jul 16 2013 11:15:41
[Sun Nov 15 09:50:30.060849 2020] [core:notice] [pid 9220:tid 616] AH00094: Command line: 'C:\\Project\\00000001\\connect/apache2/bin/httpd_usbwv8.exe -d C:/Project/00000001/connect/apache2'
[Sun Nov 15 09:50:30.062860 2020] [mpm_winnt:notice] [pid 9220:tid 616] AH00418: Parent: Created child process 6840
[Sun Nov 15 09:50:31.667943 2020] [mpm_winnt:notice] [pid 6840:tid 764] AH00354: Child: Starting 64 worker threads.
[Sun Nov 15 09:52:18.794472 2020] [:error] [pid 6840:tid 1280] [client ::1:57744] PHP Notice:  Undefined variable: users in C:\\Project\\00000001\\connect\\root\\_nucleus\\inc\\start.php on line 46
[Sun Nov 15 09:52:18.795475 2020] [:error] [pid 6840:tid 1280] [client ::1:57744] PHP Parse error:  syntax error, unexpected '$dir' (T_VARIABLE) in C:\\Project\\00000001\\connect\\root\\_nucleus\\libs\\Smarty.class.php on line 197
[Sun Nov 15 09:53:21.501249 2020] [:error] [pid 6840:tid 1280] [client ::1:57747] PHP Notice:  Undefined variable: users in C:\\Project\\00000001\\connect\\root\\_nucleus\\inc\\start.php on line 46
[Sun Nov 15 09:53:21.501249 2020] [:error] [pid 6840:tid 1280] [client ::1:57747] PHP Parse error:  syntax error, unexpected '$dir' (T_VARIABLE) in C:\\Project\\00000001\\connect\\root\\_nucleus\\libs\\Smarty.class.php on line 197
[Sun Nov 15 09:53:59.225077 2020] [:error] [pid 6840:tid 1280] [client ::1:57750] PHP Notice:  Undefined variable: users in C:\\Project\\00000001\\connect\\root\\_nucleus\\inc\\start.php on line 46
[Sun Nov 15 09:53:59.226083 2020] [:error] [pid 6840:tid 1280] [client ::1:57750] PHP Parse error:  syntax error, unexpected '$dir' (T_VARIABLE) in C:\\Project\\00000001\\connect\\root\\_nucleus\\libs\\Smarty.class.php on line 197
[Sun Nov 15 09:54:16.788560 2020] [:error] [pid 6840:tid 1280] [client ::1:57752] PHP Notice:  Undefined variable: users in C:\\Project\\00000001\\connect\\root\\_nucleus\\inc\\start.php on line 46
[Sun Nov 15 09:54:16.788560 2020] [:error] [pid 6840:tid 1280] [client ::1:57752] PHP Parse error:  syntax error, unexpected '$dir' (T_VARIABLE) in C:\\Project\\00000001\\connect\\root\\_nucleus\\libs\\Smarty.class.php on line 197
[Sun Nov 15 09:54:38.146119 2020] [:error] [pid 6840:tid 1280] [client ::1:57755] PHP Notice:  Undefined variable: users in C:\\Project\\00000001\\connect\\root\\_nucleus\\inc\\start.php on line 46
[Sun Nov 15 09:54:38.167192 2020] [:error] [pid 6840:tid 1280] [client ::1:57755] PHP Fatal error:  Uncaught  --> Smarty: Unable to load template 'file:header.tpl' <-- \n  thrown in C:\\Project\\00000001\\connect\\root\\_nucleus\\libs\\sysplugins\\smarty_internal_template.php on line 195
[Sun Nov 15 09:54:38.775608 2020] [:error] [pid 6840:tid 1280] [client ::1:57755] PHP Notice:  Undefined variable: users in C:\\Project\\00000001\\connect\\root\\_nucleus\\inc\\start.php on line 46
[Sun Nov 15 09:54:38.781625 2020] [:error] [pid 6840:tid 1280] [client ::1:57755] PHP Fatal error:  Uncaught  --> Smarty: Unable to load template 'file:header.tpl' <-- \n  thrown in C:\\Project\\00000001\\connect\\root\\_nucleus\\libs\\sysplugins\\smarty_internal_template.php on line 195
[Sun Nov 15 09:54:39.006740 2020] [:error] [pid 6840:tid 1280] [client ::1:57755] PHP Notice:  Undefined variable: users in C:\\Project\\00000001\\connect\\root\\_nucleus\\inc\\start.php on line 46
[Sun Nov 15 09:54:39.013764 2020] [:error] [pid 6840:tid 1280] [client ::1:57755] PHP Fatal error:  Uncaught  --> Smarty: Unable to load template 'file:header.tpl' <-- \n  thrown in C:\\Project\\00000001\\connect\\root\\_nucleus\\libs\\sysplugins\\smarty_internal_template.php on line 195
[Sun Nov 15 09:54:39.213503 2020] [:error] [pid 6840:tid 1280] [client ::1:57755] PHP Notice:  Undefined variable: users in C:\\Project\\00000001\\connect\\root\\_nucleus\\inc\\start.php on line 46
[Sun Nov 15 09:54:39.218524 2020] [:error] [pid 6840:tid 1280] [client ::1:57755] PHP Fatal error:  Uncaught  --> Smarty: Unable to load template 'file:header.tpl' <-- \n  thrown in C:\\Project\\00000001\\connect\\root\\_nucleus\\libs\\sysplugins\\smarty_internal_template.php on line 195
[Sun Nov 15 09:54:39.423826 2020] [:error] [pid 6840:tid 1280] [client ::1:57755] PHP Notice:  Undefined variable: users in C:\\Project\\00000001\\connect\\root\\_nucleus\\inc\\start.php on line 46
[Sun Nov 15 09:54:39.430848 2020] [:error] [pid 6840:tid 1280] [client ::1:57755] PHP Fatal error:  Uncaught  --> Smarty: Unable to load template 'file:header.tpl' <-- \n  thrown in C:\\Project\\00000001\\connect\\root\\_nucleus\\libs\\sysplugins\\smarty_internal_template.php on line 195
[Sun Nov 15 09:54:39.655573 2020] [:error] [pid 6840:tid 1280] [client ::1:57755] PHP Notice:  Undefined variable: users in C:\\Project\\00000001\\connect\\root\\_nucleus\\inc\\start.php on line 46
[Sun Nov 15 09:54:39.662594 2020] [:error] [pid 6840:tid 1280] [client ::1:57755] PHP Fatal error:  Uncaught  --> Smarty: Unable to load template 'file:header.tpl' <-- \n  thrown in C:\\Project\\00000001\\connect\\root\\_nucleus\\libs\\sysplugins\\smarty_internal_template.php on line 195
[Sun Nov 15 09:54:39.830901 2020] [:error] [pid 6840:tid 1280] [client ::1:57755] PHP Notice:  Undefined variable: users in C:\\Project\\00000001\\connect\\root\\_nucleus\\inc\\start.php on line 46
[Sun Nov 15 09:54:39.836921 2020] [:error] [pid 6840:tid 1280] [client ::1:57755] PHP Fatal error:  Uncaught  --> Smarty: Unable to load template 'file:header.tpl' <-- \n  thrown in C:\\Project\\00000001\\connect\\root\\_nucleus\\libs\\sysplugins\\smarty_internal_template.php on line 195
[Sun Nov 15 09:54:40.054965 2020] [:error] [pid 6840:tid 1280] [client ::1:57755] PHP Notice:  Undefined variable: users in C:\\Project\\00000001\\connect\\root\\_nucleus\\inc\\start.php on line 46
[Sun Nov 15 09:54:40.060984 2020] [:error] [pid 6840:tid 1280] [client ::1:57755] PHP Fatal error:  Uncaught  --> Smarty: Unable to load template 'file:header.tpl' <-- \n  thrown in C:\\Project\\00000001\\connect\\root\\_nucleus\\libs\\sysplugins\\smarty_internal_template.php on line 195
[Sun Nov 15 09:54:44.561529 2020] [:error] [pid 6840:tid 1280] [client ::1:57755] PHP Notice:  Undefined variable: users in C:\\Project\\00000001\\connect\\root\\_nucleus\\inc\\start.php on line 46
[Sun Nov 15 09:54:44.568567 2020] [:error] [pid 6840:tid 1280] [client ::1:57755] PHP Fatal error:  Uncaught  --> Smarty: Unable to load template 'file:header.tpl' <-- \n  thrown in C:\\Project\\00000001\\connect\\root\\_nucleus\\libs\\sysplugins\\smarty_internal_template.php on line 195
[Sun Nov 15 09:55:58.923661 2020] [:error] [pid 6840:tid 1280] [client ::1:57767] PHP Notice:  Undefined variable: users in C:\\Project\\00000001\\connect\\root\\_nucleus\\inc\\start.php on line 46
[Sun Nov 15 09:55:58.940717 2020] [:error] [pid 6840:tid 1280] [client ::1:57767] PHP Warning:  strftime(): It is not safe to rely on the system's timezone settings. You are *required* to use the date.timezone setting or the date_default_timezone_set() function. In case you used any of those methods and you are still getting this warning, you most likely misspelled the timezone identifier. We selected the timezone 'UTC' for now, but please set date.timezone to select your timezone. in C:\\Project\\00000001\\connect\\root\\_nucleus\\libs\\sysplugins\\smarty_internal_runtime_codeframe.php on line 48
[Sun Nov 15 09:55:58.958777 2020] [:error] [pid 6840:tid 1280] [client ::1:57767] PHP Warning:  strftime(): It is not safe to rely on the system's timezone settings. You are *required* to use the date.timezone setting or the date_default_timezone_set() function. In case you used any of those methods and you are still getting this warning, you most likely misspelled the timezone identifier. We selected the timezone 'UTC' for now, but please set date.timezone to select your timezone. in C:\\Project\\00000001\\connect\\root\\_nucleus\\libs\\sysplugins\\smarty_internal_runtime_codeframe.php on line 48
[Sun Nov 15 09:55:58.972826 2020] [:error] [pid 6840:tid 1280] [client ::1:57767] PHP Warning:  strftime(): It is not safe to rely on the system's timezone settings. You are *required* to use the date.timezone setting or the date_default_timezone_set() function. In case you used any of those methods and you are still getting this warning, you most likely misspelled the timezone identifier. We selected the timezone 'UTC' for now, but please set date.timezone to select your timezone. in C:\\Project\\00000001\\connect\\root\\_nucleus\\libs\\sysplugins\\smarty_internal_runtime_codeframe.php on line 48
[Sun Nov 15 09:56:21.690736 2020] [:error] [pid 6840:tid 1280] [client ::1:57769] PHP Notice:  Undefined variable: users in C:\\Project\\00000001\\connect\\root\\_nucleus\\inc\\start.php on line 46
[Sun Nov 15 09:56:23.161786 2020] [:error] [pid 6840:tid 1280] [client ::1:57769] PHP Notice:  Undefined variable: users in C:\\Project\\00000001\\connect\\root\\_nucleus\\inc\\start.php on line 46
[Sun Nov 15 09:56:23.458603 2020] [:error] [pid 6840:tid 1280] [client ::1:57769] PHP Notice:  Undefined variable: users in C:\\Project\\00000001\\connect\\root\\_nucleus\\inc\\start.php on line 46
[Sun Nov 15 09:56:23.645552 2020] [:error] [pid 6840:tid 1280] [client ::1:57769] PHP Notice:  Undefined variable: users in C:\\Project\\00000001\\connect\\root\\_nucleus\\inc\\start.php on line 46
[Sun Nov 15 09:56:23.838129 2020] [:error] [pid 6840:tid 1280] [client ::1:57769] PHP Notice:  Undefined variable: users in C:\\Project\\00000001\\connect\\root\\_nucleus\\inc\\start.php on line 46
[Sun Nov 15 09:56:24.059371 2020] [:error] [pid 6840:tid 1280] [client ::1:57769] PHP Notice:  Undefined variable: users in C:\\Project\\00000001\\connect\\root\\_nucleus\\inc\\start.php on line 46
[Sun Nov 15 09:56:24.222120 2020] [:error] [pid 6840:tid 1280] [client ::1:57769] PHP Notice:  Undefined variable: users in C:\\Project\\00000001\\connect\\root\\_nucleus\\inc\\start.php on line 46
[Sun Nov 15 09:56:24.450195 2020] [:error] [pid 6840:tid 1280] [client ::1:57769] PHP Notice:  Undefined variable: users in C:\\Project\\00000001\\connect\\root\\_nucleus\\inc\\start.php on line 46
[Sun Nov 15 09:56:25.582707 2020] [:error] [pid 6840:tid 1280] [client ::1:57769] PHP Notice:  Undefined variable: users in C:\\Project\\00000001\\connect\\root\\_nucleus\\inc\\start.php on line 46
[Sun Nov 15 09:56:25.615817 2020] [:error] [pid 6840:tid 1280] [client ::1:57769] PHP Notice:  Undefined variable: users in C:\\Project\\00000001\\connect\\root\\_nucleus\\inc\\start.php on line 46, referer: http://localhost:8080/
